/Volumes/dev/space/wmblatest/wmbusmeters/bluetooth_wmbus_capture.py:159: DeprecationWarning: datetime.datetime.utcnow() is deprecated and scheduled for removal in a future version. Use timezone-aware objects to represent datetimes in UTC: datetime.datetime.now(datetime.UTC).
  ts = datetime.utcnow().isoformat()
telegram=|1101250864E9916261AF0125442D2C703749741F168D20CFE05F0221402585E761652FF37C36289951D8DB94B3AC4AEBDE82B8|
telegram=|1101250884E9916261AF0125442D2C703749741F168D20D1E25F02211B3F7984472F43D8A605E7FD388461CD554C6651ED6F3B|
telegram=|1101250894E9916261AF0125442D2C703749741F168D20D2E35F022163C7D2444FBB738B768523D12BFF00981D10521B914C46|
telegram=|11012508A4E9916261B00125442D2C703749741F168D20D3F05F02210C266210F03FCBB83C076B7B07576B3258D20E9E987437|
✓ Bleak library available
🚀 Starting wM-Bus Bluetooth Capture
==================================================
🔧 wM-Bus Bluetooth Capture initialized
📱 Device patterns: 9 (user added: 0)
🔌 Service UUIDs: 4
🌉 Bridge mode enabled: ALL notifications hex emitted (--print-all)
📱 Found 1 target devices:
   - VW1871-250111 (F0F41E39-111C-1E4B-018D-4363539FF186)
🔗 Connecting to devices...
FBFBFBF01101250864E9916261AF0125442D2C703749741F168D20CFE05F0221402585E761652FF37C36289951D8DB94B3AC4AEBDE82B8FEFE0E0FFBFBFBF01101250884E9916261AF0125442D2C703749741F168D20D1E25F02211B3F7984472F43D8A605E7FD388461CD554C6651ED6F3BFEFE0E0FFBFBFBF01101250894E9916261AF0125442D2C703749741F168D20D2E35F022163C7D2444FBB738B768523D12BFF00981D10521B914C46FEFE0E0FFBFBFBF011012508A4E9916261B00125442D2C703749741F168D20D3F05F02210C266210F03FCBB83C076B7B07576B3258D20E9E987437FEFE0E0FFBFBFBF011012508
telegram=|1101250864E9916261AF0125442D2C703749741F168D20CFE05F0221402585E761652FF37C36289951D8DB94B3AC4AEBDE82B8|
telegram=|1101250884E9916261AF0125442D2C703749741F168D20D1E25F02211B3F7984472F43D8A605E7FD388461CD554C6651ED6F3B|
telegram=|1101250894E9916261AF0125442D2C703749741F168D20D2E35F022163C7D2444FBB738B768523D12BFF00981D10521B914C46|
telegram=|11012508A4E9916261B00125442D2C703749741F168D20D3F05F02210C266210F03FCBB83C076B7B07576B3258D20E9E987437|
telegram=|30442D2C703749741F168D20D5F25F022192E2E08D553B1D062EAA43EE14D53A08802AD672C864FAB6E048144A8ECFCAE8|
telegram=|11012508D5E9916261AF0125442D2C703749741F168D20D6F35F0221DC5060A77052882A115691092D0A7941E65C5B4AA94EE1|
telegram=|11012508E5E9916261B00125442D2C703749741F168D20D70060022167B96583176D4E0B0350CE002E2DEBE7523D9F88AB7690|
B4E9916261B00125442D2C703749741F168D20D4F15F02212183FAAE127D762E227D3E635D98C67B28287B6EF4574AFEFE0E0FFBFBFBF011012508C4E9916261AF0130442D2C703749741F168D20D5F25F022192E2E08D553B1D062EAA43EE14D53A08802AD672C864FAB6E048144A8ECFCAE816BFFEFE0E0FFBFBFBF011012508D5E9916261AF0125442D2C703749741F168D20D6F35F0221DC5060A77052882A115691092D0A7941E65C5B4AA94EE1FEFE0E0FFBFBFBF011012508E5E9916261B00125442D2C703749741F168D20D70060022167B96583176D4E0B0350CE002E2DEBE7523D9F88AB7690FEFE0E0FFBFBFBF011
telegram=|30442D2C703749741F168D20D5F25F022192E2E08D553B1D062EAA43EE14D53A08802AD672C864FAB6E048144A8ECFCAE8|
telegram=|11012508D5E9916261AF0125442D2C703749741F168D20D6F35F0221DC5060A77052882A115691092D0A7941E65C5B4AA94EE1|
telegram=|11012508E5E9916261B00125442D2C703749741F168D20D70060022167B96583176D4E0B0350CE002E2DEBE7523D9F88AB7690|
telegram=|1101250805EA916261AF0125442D2C703749741F168D20D910600221D599CC8FCBA848B189F1BE37D8D1C55FF8374A442F0474|
telegram=|1101250815EA916261AF0125442D2C703749741F168D20DA11600221DE85CD0A49C0CF7B1937A3FF0F2FA802DA2DD029582709|
telegram=|1101250826EA916261AF0125442D2C703749741F168D20DB12600221857BB03DBB1E8B701944AB5EF0EB6216F06DD6C5DEEE1E|
012508F5E9916261AF0125442D2C703749741F168D20D80160022191D7438F699D425D3B4122A29E1600D540DB5298FD081BFEFE0E0FFBFBFBF01101250805EA916261AF0125442D2C703749741F168D20D910600221D599CC8FCBA848B189F1BE37D8D1C55FF8374A442F0474FEFE0E0FFBFBFBF01101250815EA916261AF0125442D2C703749741F168D20DA11600221DE85CD0A49C0CF7B1937A3FF0F2FA802DA2DD029582709FEFE0E0FFBFBFBF01101250826EA916261AF0125442D2C703749741F168D20DB12600221857BB03DBB1E8B701944AB5EF0EB6216F06DD6C5DEEE1EFEFE0E0FFBFBFBF01101250836EA916261
telegram=|1101250805EA916261AF0125442D2C703749741F168D20D910600221D599CC8FCBA848B189F1BE37D8D1C55FF8374A442F0474|
telegram=|1101250815EA916261AF0125442D2C703749741F168D20DA11600221DE85CD0A49C0CF7B1937A3FF0F2FA802DA2DD029582709|
telegram=|1101250826EA916261AF0125442D2C703749741F168D20DB12600221857BB03DBB1E8B701944AB5EF0EB6216F06DD6C5DEEE1E|
telegram=|30442D2C703749741F168D20DD20600221A82376440D381D9CC9E457FC1DAA26393A35262E1FFB8F703615860D5501AA52|
telegram=|1101250856EA916261AF0125442D2C703749741F168D20DE21600221FE730E0C1502355E41E85C04A3A734BE50F7D0BA40066D|
telegram=|1101250866EA916261AF0125442D2C703749741F168D20DF226002215D65517D87F6AB84D641D5287A9BFD35DFED735EC463EA|
AF0125442D2C703749741F168D20DC13600221D6B7039F8FA7422F0B0A0CE9F20D01262EEC0ECC31CD63FEFE0E0FFBFBFBF01101250846EA916261AF0130442D2C703749741F168D20DD20600221A82376440D381D9CC9E457FC1DAA26393A35262E1FFB8F703615860D5501AA52FED5FEFE0E0FFBFBFBF01101250856EA916261AF0125442D2C703749741F168D20DE21600221FE730E0C1502355E41E85C04A3A734BE50F7D0BA40066DFEFE0E0FFBFBFBF01101250866EA916261AF0125442D2C703749741F168D20DF226002215D65517D87F6AB84D641D5287A9BFD35DFED735EC463EAFEFE0E0FFBFBFBF01101250877EA
telegram=|30442D2C703749741F168D20DD20600221A82376440D381D9CC9E457FC1DAA26393A35262E1FFB8F703615860D5501AA52|
telegram=|1101250856EA916261AF0125442D2C703749741F168D20DE21600221FE730E0C1502355E41E85C04A3A734BE50F7D0BA40066D|
telegram=|1101250866EA916261AF0125442D2C703749741F168D20DF226002215D65517D87F6AB84D641D5287A9BFD35DFED735EC463EA|
telegram=|1101250887EA916261AF0125442D2C703749741F168D20E1306002216F01787A74E00637AAD39BE78949F39F9A9A55CC20013A|
telegram=|1101250897EA916261AF0125442D2C703749741F168D20E231600221F3FF145FF6A3DB329660388372621C948DBA6EB9622247|
telegram=|11012508A7EA916261AF0125442D2C703749741F168D20E33260022115D5314B505CFDF5E5564CFE9500DF9054D316EBC347C0|
916261AF0125442D2C703749741F168D20E0236002217423168A20CB7F2BF07B1281E00E75ED464B367A72CFC4FEFE0E0FFBFBFBF01101250887EA916261AF0125442D2C703749741F168D20E1306002216F01787A74E00637AAD39BE78949F39F9A9A55CC20013AFEFE0E0FFBFBFBF01101250897EA916261AF0125442D2C703749741F168D20E231600221F3FF145FF6A3DB329660388372621C948DBA6EB9622247FEFE0E0FFBFBFBF011012508A7EA916261AF0125442D2C703749741F168D20E33260022115D5314B505CFDF5E5564CFE9500DF9054D316EBC347C0FEFE0E0FFBFBFBF011012508B8EA916261AE0125442D
telegram=|1101250887EA916261AF0125442D2C703749741F168D20E1306002216F01787A74E00637AAD39BE78949F39F9A9A55CC20013A|
telegram=|1101250897EA916261AF0125442D2C703749741F168D20E231600221F3FF145FF6A3DB329660388372621C948DBA6EB9622247|
telegram=|11012508A7EA916261AF0125442D2C703749741F168D20E33260022115D5314B505CFDF5E5564CFE9500DF9054D316EBC347C0|
telegram=|30442D2C703749741F168D20E540600221CDA95597DBA56069B2F193ACD9A6F3B86CE5E0F26F58AC090C9A1383AE60D440|
telegram=|11012508D8EA916261AF0125442D2C703749741F168D20E641600221CED64B3AE0EFE5CAABF95C4A65745086BCA71BB052CBA9|
telegram=|11012508E9EA916261AE0125442D2C703749741F168D20E742600221FF7140C8279F66335DC0819C47557F4E5AF531F229B5B2|
2C703749741F168D20E433600221F8E51BA131E92848473CCB0252A92DCC625CA44FC69468FEFE0E0FFBFBFBF011012508C8EA916261AE0130442D2C703749741F168D20E540600221CDA95597DBA56069B2F193ACD9A6F3B86CE5E0F26F58AC090C9A1383AE60D4407126FEFE0E0FFBFBFBF011012508D8EA916261AF0125442D2C703749741F168D20E641600221CED64B3AE0EFE5CAABF95C4A65745086BCA71BB052CBA9FEFE0E0FFBFBFBF011012508E9EA916261AE0125442D2C703749741F168D20E742600221FF7140C8279F66335DC0819C47557F4E5AF531F229B5B2FEFE0E0FFBFBFBF011012508F9EA916261AE01
telegram=|30442D2C703749741F168D20E540600221CDA95597DBA56069B2F193ACD9A6F3B86CE5E0F26F58AC090C9A1383AE60D440|
telegram=|11012508D8EA916261AF0125442D2C703749741F168D20E641600221CED64B3AE0EFE5CAABF95C4A65745086BCA71BB052CBA9|
telegram=|11012508E9EA916261AE0125442D2C703749741F168D20E742600221FF7140C8279F66335DC0819C47557F4E5AF531F229B5B2|
telegram=|1101250809EB916261AE0125442D2C703749741F168D20E950600221997AE02545A63D0B96540A8CE1B6B6EE6C5549ECD219BE|
telegram=|110125081AEB916261AF0125442D2C703749741F168D20EA516002212C46ADE5C9DE0A73DE5C34B9A56E9137F6472636EE029C|
telegram=|110125082AEB916261AF0125442D2C703749741F168D20EB52600221ECC68B775258EBDB1EB8C943D861C7552D5C7D6390671B|
25442D2C703749741F168D20E8436002212FA24D8AD56F20E1B3A944CF4B9EC197EEFFD8E29E96CFFEFE0E0FFBFBFBF01101250809EB916261AE0125442D2C703749741F168D20E950600221997AE02545A63D0B96540A8CE1B6B6EE6C5549ECD219BEFEFE0E0FFBFBFBF0110125081AEB916261AF0125442D2C703749741F168D20EA516002212C46ADE5C9DE0A73DE5C34B9A56E9137F6472636EE029CFEFE0E0FFBFBFBF0110125082AEB916261AF0125442D2C703749741F168D20EB52600221ECC68B775258EBDB1EB8C943D861C7552D5C7D6390671BFEFE0E0FFBFBFBF0110125083AEB916261AE0125442D2C70374974
telegram=|1101250809EB916261AE0125442D2C703749741F168D20E950600221997AE02545A63D0B96540A8CE1B6B6EE6C5549ECD219BE|
telegram=|110125081AEB916261AF0125442D2C703749741F168D20EA516002212C46ADE5C9DE0A73DE5C34B9A56E9137F6472636EE029C|
telegram=|110125082AEB916261AF0125442D2C703749741F168D20EB52600221ECC68B775258EBDB1EB8C943D861C7552D5C7D6390671B|
telegram=|30442D2C703749741F168D20ED6160022150B77DA6A6902584A5699AFF4A35AC9604657E9812DA8A2ACAA6B480EF8AABFA|
telegram=|110125085BEB916261AE0125442D2C703749741F168D20EE62600221A1331488252F2E6230C1DFFAF0A630D223615ECE7194F4|
telegram=|110125086BEB916261AE0125442D2C703749741F168D20EF63600221C435CAC4864960B02E934011A4C5EBA3D2AED8047CF173|
1F168D20EC6060022185CE349F559321E77AFCE0F1AC696A5D45298A21CFD0A9FEFE0E0FFBFBFBF0110125084BEB916261AE0130442D2C703749741F168D20ED6160022150B77DA6A6902584A5699AFF4A35AC9604657E9812DA8A2ACAA6B480EF8AABFAC5CBFEFE0E0FFBFBFBF0110125085BEB916261AE0125442D2C703749741F168D20EE62600221A1331488252F2E6230C1DFFAF0A630D223615ECE7194F4FEFE0E0FFBFBFBF0110125086BEB916261AE0125442D2C703749741F168D20EF63600221C435CAC4864960B02E934011A4C5EBA3D2AED8047CF173FEFE0E0FFBFBFBF0110125088CEB916261AF0125442D2C70
telegram=|30442D2C703749741F168D20ED6160022150B77DA6A6902584A5699AFF4A35AC9604657E9812DA8A2ACAA6B480EF8AABFA|
telegram=|110125085BEB916261AE0125442D2C703749741F168D20EE62600221A1331488252F2E6230C1DFFAF0A630D223615ECE7194F4|
telegram=|110125086BEB916261AE0125442D2C703749741F168D20EF63600221C435CAC4864960B02E934011A4C5EBA3D2AED8047CF173|
telegram=|3749741F168D20F1716002214FE7056F26BFB444F91E33620A2B893E1F59386E4C6329FEFE0E0FFBFBFBF0110125089CEB916261AE0125442D2C703749741F168D20F272600221CA33077EF69CEEF7E99086FEA3E2064C88BE4C048ED49BFEFE|
3749741F168D20F1716002214FE7056F26BFB444F91E33620A2B893E1F59386E4C6329FEFE0E0FFBFBFBF0110125089CEB916261AE0125442D2C703749741F168D20F272600221CA33077EF69CEEF7E99086FEA3E2064C88BE4C048ED49BFEFE
telegram=|3749741F168D20F1716002214FE7056F26BFB444F91E33620A2B893E1F59386E4C6329FEFE0E0FFBFBFBF0110125089CEB916261AE0125442D2C703749741F168D20F272600221CA33077EF69CEEF7E99086FEA3E2064C88BE4C048ED49BFEFE|
0107
02F400
FE01001A271100010A0018848004200128023A06606E41E3185F
telegram=|FE01001A271100010A0018848004200128023A06606E41E3185F|
telegram=|1101250820EC916261B00125442D2C703749741F168D20FAA0600221274D02133A410EC22EEBA44BAB7B4E7D1C377D358A6FEA|
✅ Connected to 1 devices
📡 Monitoring for wM-Bus telegrams...
⏱️  Monitoring indefinitely (Ctrl+C to stop)
FBFBFBF01101250820EC916261B00125442D2C703749741F168D20FAA0600221274D02133A410EC22EEBA44BAB7B4E7D1C377D358A6FEAFEFE0E0F
telegram=|1101250820EC916261B00125442D2C703749741F168D20FAA0600221274D02133A410EC22EEBA44BAB7B4E7D1C377D358A6FEA|
telegram=|1101250830EC916261B10125442D2C703749741F168D20FBA16002219E55D08330B3A5DD3DC03C90CD7B89491417ACD197D858|
FBFBFBF01101250830EC916261B10125442D2C703749741F168D20FBA16002219E55D08330B3A5DD3DC03C90CD7B89491417ACD197D858FEFE0E0F
telegram=|1101250830EC916261B10125442D2C703749741F168D20FBA16002219E55D08330B3A5DD3DC03C90CD7B89491417ACD197D858|
telegram=|1101250841EC916261B00125442D2C703749741F168D20FCA26002216D53F99FC6900C147B4623E306E9384CFCC4D800FC2BB7|
FBFBFBF01101250841EC916261B00125442D2C703749741F168D20FCA26002216D53F99FC6900C147B4623E306E9384CFCC4D800FC2BB7FEFE0E0F
telegram=|1101250841EC916261B00125442D2C703749741F168D20FCA26002216D53F99FC6900C147B4623E306E9384CFCC4D800FC2BB7|
telegram=|30442D2C703749741F168D20FDA3600221BB523FE4559A09F7A502B2ED7CC23EFE4E41ACD72BD4806D2983A0CE2BA8280C|
FBFBFBF01101250851EC916261B00130442D2C703749741F168D20FDA3600221BB523FE4559A09F7A502B2ED7CC23EFE4E41ACD72BD4806D2983A0CE2BA8280C292BFEFE0E0F
telegram=|30442D2C703749741F168D20FDA3600221BB523FE4559A09F7A502B2ED7CC23EFE4E41ACD72BD4806D2983A0CE2BA8280C|
telegram=|1101250862EC916261B00125442D2C703749741F168D20FEB0600221EE0E13E7210E818C21C551940C685C7E1134183A3EC1DD|
FBFBFBF01101250862EC916261B00125442D2C703749741F168D20FEB0600221EE0E13E7210E818C21C551940C685C7E1134183A3EC1DDFEFE0E0F
telegram=|1101250862EC916261B00125442D2C703749741F168D20FEB0600221EE0E13E7210E818C21C551940C685C7E1134183A3EC1DD|
telegram=|1101250872EC916261B00125442D2C703749741F168D20FFB1600221BC7A52197B0043AC5AE69BF0FD279FD2C43253490AE2A0|
FBFBFBF01101250872EC916261B00125442D2C703749741F168D20FFB1600221BC7A52197B0043AC5AE69BF0FD279FD2C43253490AE2A0FEFE0E0F
telegram=|1101250872EC916261B00125442D2C703749741F168D20FFB1600221BC7A52197B0043AC5AE69BF0FD279FD2C43253490AE2A0|
telegram=|1101250883EC916261B10125442D2C703749741F168D2000B2600221B74DEA2B7698FB2900C4DF51171FA62F8D2E8A3CF937C2|
FBFBFBF01101250883EC916261B10125442D2C703749741F168D2000B2600221B74DEA2B7698FB2900C4DF51171FA62F8D2E8A3CF937C2FEFE0E0F
telegram=|1101250883EC916261B10125442D2C703749741F168D2000B2600221B74DEA2B7698FB2900C4DF51171FA62F8D2E8A3CF937C2|
telegram=|1101250893EC916261B00125442D2C703749741F168D2001B360022197F21B07EBAF942D08960897346374725E9C2A3DCF8070|
FBFBFBF01101250893EC916261B00125442D2C703749741F168D2001B360022197F21B07EBAF942D08960897346374725E9C2A3DCF8070FEFE0E0F
telegram=|1101250893EC916261B00125442D2C703749741F168D2001B360022197F21B07EBAF942D08960897346374725E9C2A3DCF8070|
telegram=|11012508A4EC916261B00125442D2C703749741F168D2002C06002218A28ECEA1CB17F7FECE848112A59F7369A6E43894D0EE1|
FBFBFBF011012508A4EC916261B00125442D2C703749741F168D2002C06002218A28ECEA1CB17F7FECE848112A59F7369A6E43894D0EE1FEFE0E0F
telegram=|11012508A4EC916261B00125442D2C703749741F168D2002C06002218A28ECEA1CB17F7FECE848112A59F7369A6E43894D0EE1|
telegram=|11012508B4EC916261B00125442D2C703749741F168D2003C16002210A8C741DA978B59754880A414A72BD3D5EE2C709992D9C|
FBFBFBF011012508B4EC916261B00125442D2C703749741F168D2003C16002210A8C741DA978B59754880A414A72BD3D5EE2C709992D9CFEFE0E0F
telegram=|11012508B4EC916261B00125442D2C703749741F168D2003C16002210A8C741DA978B59754880A414A72BD3D5EE2C709992D9C|
telegram=|11012508C5EC916261B10125442D2C703749741F168D2004C260022172559FD99106CC726A3587A7013EC5023EF6570F68DE73|
FBFBFBF011012508C5EC916261B10125442D2C703749741F168D2004C260022172559FD99106CC726A3587A7013EC5023EF6570F68DE73FEFE0E0F
telegram=|11012508C5EC916261B10125442D2C703749741F168D2004C260022172559FD99106CC726A3587A7013EC5023EF6570F68DE73|
telegram=|30442D2C703749741F168D2005C360022169CE9BF47EB0D5C2DBA062CA3F62150DF2EE5C7CC7A4E53B2A9D46A06FFF8309|
FBFBFBF011012508D5EC916261B00130442D2C703749741F168D2005C360022169CE9BF47EB0D5C2DBA062CA3F62150DF2EE5C7CC7A4E53B2A9D46A06FFF83092D0BFEFE0E0F
telegram=|30442D2C703749741F168D2005C360022169CE9BF47EB0D5C2DBA062CA3F62150DF2EE5C7CC7A4E53B2A9D46A06FFF8309|
telegram=|11012508E5EC916261B00125442D2C703749741F168D2006D0600221C38C6CB0DF99FD4FE8E3146C538A824D2C1B52EDE60C46|
FBFBFBF011012508E5EC916261B00125442D2C703749741F168D2006D0600221C38C6CB0DF99FD4FE8E3146C538A824D2C1B52EDE60C46FEFE0E0F
telegram=|11012508E5EC916261B00125442D2C703749741F168D2006D0600221C38C6CB0DF99FD4FE8E3146C538A824D2C1B52EDE60C46|
telegram=|11012508F6EC916261B00125442D2C703749741F168D2007D1600221FC1C576C9F8D89360E64E370DD6A761B29E206767183AB|
