/Volumes/dev/space/wmblatest/wmbusmeters/bluetooth_wmbus_capture.py:159: DeprecationWarning: datetime.datetime.utcnow() is deprecated and scheduled for removal in a future version. Use timezone-aware objects to represent datetimes in UTC: datetime.datetime.now(datetime.UTC).
  ts = datetime.utcnow().isoformat()
telegram=|30442D2C703749741F168D2005F3530221F7C9A25C2F9AE442D848DAC18F91A80CD9BAD40CE9320C4914896B616E4B5D4D|
✓ Bleak library available
🚀 Starting wM-Bus Bluetooth Capture
==================================================
🔧 wM-Bus Bluetooth Capture initialized
📱 Device patterns: 9 (user added: 0)
🔌 Service UUIDs: 4
🌉 Bridge mode enabled: ALL notifications hex emitted (--print-all)
📱 Found 1 target devices:
   - VW1871-250111 (F0F41E39-111C-1E4B-018D-4363539FF186)
🔗 Connecting to devices...
FBFBFBF01101250832EF916261A30125442D2C703749741F168D2002F05302213FAC45126F7958854B7B6A3DB679A27D5517BFEB548A29FEFE0E0FFBFBFBF01101250843EF916261A40125442D2C703749741F168D2003F1530221318FDB5514C17F09B0876925457C5FB75A4BF785F344CBFEFE0E0FFBFBFBF01101250853EF916261A50125442D2C703749741F168D2004F2530221E8C945E2A3296A0F289A8909C0A24B5811678F21FCF379FEFE0E0FFBFBFBF01101250864EF916261A10130442D2C703749741F168D2005F3530221F7C9A25C2F9AE442D848DAC18F91A80CD9BAD40CE9320C4914896B616E4B5D4D2107FE
telegram=|30442D2C703749741F168D2005F3530221F7C9A25C2F9AE442D848DAC18F91A80CD9BAD40CE9320C4914896B616E4B5D4D|
telegram=|FE0E0FFBFBFBF01101250874EF916261A20125442D2C703749741F168D2006005402211FCDFB331B72D95DBCEA3EB5296BABE1185055D4A9F757FEFE0E0F0D0A4261747465727920566F6C74203D2033373134206D560D0AFBFCFCF0820EFEFE0E0FFBFBFBF011012508A6EF916261A40125442D2C703749741F168D200911540221A79CF9E8E7EA88EF17534C8F354226A93001CFAB03619DFEFE0E0FFBFBFBF011012508B6EF916261A40125442D2C703749741F168D200A1254022122B6FE2AB713235AA13D20C1CCE1482974F0C934BF42E0FEFE0E0FFBFBFBF011012508C7EF916261A40125442D2C703749741F168D200B|
FE0E0FFBFBFBF01101250874EF916261A20125442D2C703749741F168D2006005402211FCDFB331B72D95DBCEA3EB5296BABE1185055D4A9F757FEFE0E0F0D0A4261747465727920566F6C74203D2033373134206D560D0AFBFCFCF0820EFEFE0E0FFBFBFBF011012508A6EF916261A40125442D2C703749741F168D200911540221A79CF9E8E7EA88EF17534C8F354226A93001CFAB03619DFEFE0E0FFBFBFBF011012508B6EF916261A40125442D2C703749741F168D200A1254022122B6FE2AB713235AA13D20C1CCE1482974F0C934BF42E0FEFE0E0FFBFBFBF011012508C7EF916261A40125442D2C703749741F168D200B
telegram=|FE0E0FFBFBFBF01101250874EF916261A20125442D2C703749741F168D2006005402211FCDFB331B72D95DBCEA3EB5296BABE1185055D4A9F757FEFE0E0F0D0A4261747465727920566F6C74203D2033373134206D560D0AFBFCFCF0820EFEFE0E0FFBFBFBF011012508A6EF916261A40125442D2C703749741F168D200911540221A79CF9E8E7EA88EF17534C8F354226A93001CFAB03619DFEFE0E0FFBFBFBF011012508B6EF916261A40125442D2C703749741F168D200A1254022122B6FE2AB713235AA13D20C1CCE1482974F0C934BF42E0FEFE0E0FFBFBFBF011012508C7EF916261A40125442D2C703749741F168D200B|
telegram=|30442D2C703749741F168D200D21540221D8D040EB204AC60348279FDE43FB7A7C6C07FD338522FCB737BA16BD0F8F739C|
1354022169F2C85835349D947D3036FB2721C48EB1075C50DA25C0FEFE0E0FFBFBFBF011012508D7EF916261A50125442D2C703749741F168D200C2054022146DA442644BDB596498A7A67F8043488C5ED98BA4E9272FEFE0E0FFBFBFBF011012508E7EF916261A50130442D2C703749741F168D200D21540221D8D040EB204AC60348279FDE43FB7A7C6C07FD338522FCB737BA16BD0F8F739C71D9FEFE0E0FFBFBFBF011012508F8EF916261A40125442D2C703749741F168D200E22540221B304E6E782EBED503882C165B47EB44882A5923AF8245DFEFE0E0FFBFBFBF01101250808F0916261A40125442D2C703749741F16
telegram=|30442D2C703749741F168D200D21540221D8D040EB204AC60348279FDE43FB7A7C6C07FD338522FCB737BA16BD0F8F739C|
telegram=|8D200F23540221D8DD7B705CAF449F4185834BC264205A9CC78C48CB88BDFEFE0E0FFBFBFBF01101250819F0916261A60125442D2C703749741F168D201030540221E43E1EC245BDE091D137753C4F101AC0CAB0A4762D3068FEFE0E0FFBFBFBF01101250829F0916261A60125442D2C703749741F168D201131540221DAAA4C57D737FE8E44C7823E9FA79D77D2B54B942D55EFFEFE0E0FFBFBFBF01101250839F0916261A50125442D2C703749741F168D20123254022108BD32633955760E609809FCAAF354992494620F7AF6A6FEFE0E0FFBFBFBF0110125084AF0916261A20125442D2C703749741F168D2013405402216C|
8D200F23540221D8DD7B705CAF449F4185834BC264205A9CC78C48CB88BDFEFE0E0FFBFBFBF01101250819F0916261A60125442D2C703749741F168D201030540221E43E1EC245BDE091D137753C4F101AC0CAB0A4762D3068FEFE0E0FFBFBFBF01101250829F0916261A60125442D2C703749741F168D201131540221DAAA4C57D737FE8E44C7823E9FA79D77D2B54B942D55EFFEFE0E0FFBFBFBF01101250839F0916261A50125442D2C703749741F168D20123254022108BD32633955760E609809FCAAF354992494620F7AF6A6FEFE0E0FFBFBFBF0110125084AF0916261A20125442D2C703749741F168D2013405402216C
telegram=|8D200F23540221D8DD7B705CAF449F4185834BC264205A9CC78C48CB88BDFEFE0E0FFBFBFBF01101250819F0916261A60125442D2C703749741F168D201030540221E43E1EC245BDE091D137753C4F101AC0CAB0A4762D3068FEFE0E0FFBFBFBF01101250829F0916261A60125442D2C703749741F168D201131540221DAAA4C57D737FE8E44C7823E9FA79D77D2B54B942D55EFFEFE0E0FFBFBFBF01101250839F0916261A50125442D2C703749741F168D20123254022108BD32633955760E609809FCAAF354992494620F7AF6A6FEFE0E0FFBFBFBF0110125084AF0916261A20125442D2C703749741F168D2013405402216C|
telegram=|30442D2C703749741F168D201542540221C4298F18CBF1244D5F7F9B5E72EF8095046AC99FF60CEEC0F483FF8F791E46F0|
54C5558D6C3439498DB4C636E8DA9AA3C73576811B87FEFE0E0FFBFBFBF0110125085AF0916261A50125442D2C703749741F168D2014415402214D7CF0161AA2C14B9AF131D2CEEDFB572E98CA9A8F9138FEFE0E0FFBFBFBF0110125086AF0916261A40130442D2C703749741F168D201542540221C4298F18CBF1244D5F7F9B5E72EF8095046AC99FF60CEEC0F483FF8F791E46F07ABDFEFE0E0FFBFBFBF0110125087BF0916261A40125442D2C703749741F168D20164354022100DAE0BD9F80B08A8928D6D77AA64D0DEE60630FFECC5EFEFE0E0FFBFBFBF0110125088BF0916261A50125442D2C703749741F168D20175054
telegram=|30442D2C703749741F168D201542540221C4298F18CBF1244D5F7F9B5E72EF8095046AC99FF60CEEC0F483FF8F791E46F0|
telegram=|02217ED2BD10D329D14A618B603772E28BD7B79D2A2AF4966FFEFE0E0FFBFBFBF0110125089BF0916261A50125442D2C703749741F168D2018515402216AFB625B0E68FF5A4E45B45EFBFA804C6267DD8820B512FEFE0E0FFBFBFBF011012508ACF0916261A30125442D2C703749741F168D2019525402215DE1CF271C45D3A70BBD4F95F4BF8F2026A3D7BB0A068EFEFE0E0FFBFBFBF011012508BCF0916261A60125442D2C703749741F168D201A53540221AC891DAC2DDAB4F99513A9EBCB96E4122F49B0C87A98CAFEFE0E0FFBFBFBF011012508CCF0916261A50125442D2C703749741F168D201B605402215836FEB02A1B|
02217ED2BD10D329D14A618B603772E28BD7B79D2A2AF4966FFEFE0E0FFBFBFBF0110125089BF0916261A50125442D2C703749741F168D2018515402216AFB625B0E68FF5A4E45B45EFBFA804C6267DD8820B512FEFE0E0FFBFBFBF011012508ACF0916261A30125442D2C703749741F168D2019525402215DE1CF271C45D3A70BBD4F95F4BF8F2026A3D7BB0A068EFEFE0E0FFBFBFBF011012508BCF0916261A60125442D2C703749741F168D201A53540221AC891DAC2DDAB4F99513A9EBCB96E4122F49B0C87A98CAFEFE0E0FFBFBFBF011012508CCF0916261A50125442D2C703749741F168D201B605402215836FEB02A1B
telegram=|02217ED2BD10D329D14A618B603772E28BD7B79D2A2AF4966FFEFE0E0FFBFBFBF0110125089BF0916261A50125442D2C703749741F168D2018515402216AFB625B0E68FF5A4E45B45EFBFA804C6267DD8820B512FEFE0E0FFBFBFBF011012508ACF0916261A30125442D2C703749741F168D2019525402215DE1CF271C45D3A70BBD4F95F4BF8F2026A3D7BB0A068EFEFE0E0FFBFBFBF011012508BCF0916261A60125442D2C703749741F168D201A53540221AC891DAC2DDAB4F99513A9EBCB96E4122F49B0C87A98CAFEFE0E0FFBFBFBF011012508CCF0916261A50125442D2C703749741F168D201B605402215836FEB02A1B|
telegram=|30442D2C703749741F168D201D6254022104626E843E2D13EB23983B7263F237B9D0E80A35530A25B7F099D9D6691AF33F|
35FDF8E80A1098D23172C791CC435FF08DFEFE0E0FFBFBFBF011012508DDF0916261A40125442D2C703749741F168D201C61540221FE3F3F587C11F43F75A888C04A200D965A3CF78986C86CFEFE0E0FFBFBFBF011012508EDF0916261A40130442D2C703749741F168D201D6254022104626E843E2D13EB23983B7263F237B9D0E80A35530A25B7F099D9D6691AF33F7E85FEFE0E0FFBFBFBF0110125080DF1916261A50125442D2C703749741F168D201F705402211285D851A703EE8D19276A67ED3613B42DD72A853A9528FEFE0E0FFBFBFBF0110125081EF1916261A40125442D2C703749741F168D2020715402216DD93F
telegram=|30442D2C703749741F168D201D6254022104626E843E2D13EB23983B7263F237B9D0E80A35530A25B7F099D9D6691AF33F|
telegram=|7C3810EBABDB95D18798DB59E27461E142628E0AFEFE0E0FFBFBFBF0110125082EF1916261A60125442D2C703749741F168D202172540221A446B6EA41FC95E05F0FB44F9DB94FA1BED631EE8EFF76FEFE0E0FFBFBFBF0110125083EF1916261A60125442D2C703749741F168D2022735402215750E8B9F69161C9D85CA400625F254F76196C211FDC0BFEFE0E0FFBFBFBF0110125084EF1916261A50125442D2C703749741F168D202380540221F763EA34B74A1D059EF776675D4056C6FC17F2BC33B44CFEFE0E0FFBFBFBF0110125085FF1916261A60125442D2C703749741F168D20248154022174E64F47FE7BFF7967783C|
7C3810EBABDB95D18798DB59E27461E142628E0AFEFE0E0FFBFBFBF0110125082EF1916261A60125442D2C703749741F168D202172540221A446B6EA41FC95E05F0FB44F9DB94FA1BED631EE8EFF76FEFE0E0FFBFBFBF0110125083EF1916261A60125442D2C703749741F168D2022735402215750E8B9F69161C9D85CA400625F254F76196C211FDC0BFEFE0E0FFBFBFBF0110125084EF1916261A50125442D2C703749741F168D202380540221F763EA34B74A1D059EF776675D4056C6FC17F2BC33B44CFEFE0E0FFBFBFBF0110125085FF1916261A60125442D2C703749741F168D20248154022174E64F47FE7BFF7967783C
telegram=|7C3810EBABDB95D18798DB59E27461E142628E0AFEFE0E0FFBFBFBF0110125082EF1916261A60125442D2C703749741F168D202172540221A446B6EA41FC95E05F0FB44F9DB94FA1BED631EE8EFF76FEFE0E0FFBFBFBF0110125083EF1916261A60125442D2C703749741F168D2022735402215750E8B9F69161C9D85CA400625F254F76196C211FDC0BFEFE0E0FFBFBFBF0110125084EF1916261A50125442D2C703749741F168D202380540221F763EA34B74A1D059EF776675D4056C6FC17F2BC33B44CFEFE0E0FFBFBFBF0110125085FF1916261A60125442D2C703749741F168D20248154022174E64F47FE7BFF7967783C|
telegram=|30442D2C703749741F168D20259054022127E102F3A6CACE41C4DB60EE99E2ACADACE66A539F052FFE416C892C731CC6D0|
C07314C6A61B3DE6CD3D9856FEFE0E0FFBFBFBF0110125086FF1916261A40130442D2C703749741F168D20259054022127E102F3A6CACE41C4DB60EE99E2ACADACE66A539F052FFE416C892C731CC6D0CA60FEFE0E0FFBFBFBF0110125087FF1
telegram=|30442D2C703749741F168D20259054022127E102F3A6CACE41C4DB60EE99E2ACADACE66A539F052FFE416C892C731CC6D0|
0107
02F400
FE01001A271100010A0018848004200128023A06606E41E3185F
telegram=|FE01001A271100010A0018848004200128023A06606E41E3185F|
/Volumes/dev/space/wmblatest/wmbusmeters/bluetooth_wmbus_capture.py:242: DeprecationWarning: datetime.datetime.utcnow() is deprecated and scheduled for removal in a future version. Use timezone-aware objects to represent datetimes in UTC: datetime.datetime.now(datetime.UTC).
  'capture_timestamp': datetime.utcnow().isoformat(),
✅ Connected to 1 devices
📡 Monitoring for wM-Bus telegrams...
⏱️  Will monitor for 10.0 seconds (Ctrl+C to stop early)
📊 Capture Summary:
   Devices found: 1
   Devices connected: 0
   Frames captured: 12
