/Volumes/dev/space/wmblatest/wmbusmeters/bluetooth_wmbus_capture.py:159: DeprecationWarning: datetime.datetime.utcnow() is deprecated and scheduled for removal in a future version. Use timezone-aware objects to represent datetimes in UTC: datetime.datetime.now(datetime.UTC).
  ts = datetime.utcnow().isoformat()
telegram=|1101250872FA916261A40125442D2C703749741F168D20B7F05602214694F9B089435F0B99F028C33275E2C0DE36C8F49E39ADFEFE0E0FFBFBFBF011012508A2FA916261B00125442D2C703749741F168D20BAF3560221CEAE93DED862538C648AA5F79FFBB7C0424787C8AB3F87FEFE0E0FFBFBFBF011012508B2FA916261AD0125442D2C703749741F168D20BB00570221A0FF7D3DF4CD5EACC2EDC61E3E8167CDF1D08DEAD055F7FEFE0E0FFBFBFBF011012508C2FA916261AC0125442D2C703749741F168D20BC01570221106A4DB99BCC0D354738F69013442FC4784C229DA0294B|
✓ Bleak library available
🚀 Starting wM-Bus Bluetooth Capture
==================================================
🔧 wM-Bus Bluetooth Capture initialized
📱 Device patterns: 9 (user added: 0)
🔌 Service UUIDs: 4
🌉 Bridge mode enabled: ALL notifications hex emitted (--print-all)
📱 Found 1 target devices:
   - VW1871-250111 (F0F41E39-111C-1E4B-018D-4363539FF186)
🔗 Connecting to devices...
FBFBFBF01101250872FA916261A40125442D2C703749741F168D20B7F05602214694F9B089435F0B99F028C33275E2C0DE36C8F49E39ADFEFE0E0FFBFBFBF011012508A2FA916261B00125442D2C703749741F168D20BAF3560221CEAE93DED862538C648AA5F79FFBB7C0424787C8AB3F87FEFE0E0FFBFBFBF011012508B2FA916261AD0125442D2C703749741F168D20BB00570221A0FF7D3DF4CD5EACC2EDC61E3E8167CDF1D08DEAD055F7FEFE0E0FFBFBFBF011012508C2FA916261AC0125442D2C703749741F168D20BC01570221106A4DB99BCC0D354738F69013442FC4784C229DA0294BFEFE0E0F
telegram=|1101250872FA916261A40125442D2C703749741F168D20B7F05602214694F9B089435F0B99F028C33275E2C0DE36C8F49E39ADFEFE0E0FFBFBFBF011012508A2FA916261B00125442D2C703749741F168D20BAF3560221CEAE93DED862538C648AA5F79FFBB7C0424787C8AB3F87FEFE0E0FFBFBFBF011012508B2FA916261AD0125442D2C703749741F168D20BB00570221A0FF7D3DF4CD5EACC2EDC61E3E8167CDF1D08DEAD055F7FEFE0E0FFBFBFBF011012508C2FA916261AC0125442D2C703749741F168D20BC01570221106A4DB99BCC0D354738F69013442FC4784C229DA0294B|
0107
02F400
FE01001A271100010A0018848004200128023A06606E41E3185F
telegram=|FE01001A271100010A0018848004200128023A06606E41E3185F|
telegram=|30442D2C703749741F168D20BD10570221CEB5F76EDF308318EC1F9F7D6AA75765E7D89113346357F08BF023F204B18494|
✅ Connected to 1 devices
📡 Monitoring for wM-Bus telegrams...
⏱️  Will monitor for 10.0 seconds (Ctrl+C to stop early)
FBFBFBF011012508D2FA916261AB0130442D2C703749741F168D20BD10570221CEB5F76EDF308318EC1F9F7D6AA75765E7D89113346357F08BF023F204B184943001FEFE0E0F
telegram=|30442D2C703749741F168D20BD10570221CEB5F76EDF308318EC1F9F7D6AA75765E7D89113346357F08BF023F204B18494|
/Volumes/dev/space/wmblatest/wmbusmeters/bluetooth_wmbus_capture.py:242: DeprecationWarning: datetime.datetime.utcnow() is deprecated and scheduled for removal in a future version. Use timezone-aware objects to represent datetimes in UTC: datetime.datetime.now(datetime.UTC).
  'capture_timestamp': datetime.utcnow().isoformat(),
📊 Capture Summary:
   Devices found: 1
   Devices connected: 0
   Frames captured: 5
