2025-08-14 03:54:45,840 - INFO - 游댢 VW1871 Preprocessor started - converting telegrams for wmbusmeters
2025-08-14 03:54:45,840 - INFO -    Input: VW1871 BLE bridge format
2025-08-14 03:54:45,840 - INFO -    Output: wmbusmeters-compatible format
2025-08-14 03:54:49,424 - INFO - Extracted wM-Bus frame (L=0x30): 30442D2C703749741F168D2005F3530221F7C9A25C2F9AE442D848DAC18F91A80CD9BAD40CE9320C4914896B616E4B5D4D
2025-08-14 03:54:49,424 - INFO - 游니 Processed telegram #1
2025-08-14 03:54:49,425 - INFO - Extracted wM-Bus frame (L=0x30): 30442D2C703749741F168D2005F3530221F7C9A25C2F9AE442D848DAC18F91A80CD9BAD40CE9320C4914896B616E4B5D4D
2025-08-14 03:54:49,425 - INFO - 游니 Processed telegram #2
2025-08-14 03:54:49,425 - WARNING - Heuristic failed to locate inner frame; passing through unmodified
2025-08-14 03:54:49,425 - INFO - 游니 Processed telegram #3
2025-08-14 03:54:49,425 - WARNING - Heuristic failed to locate inner frame; passing through unmodified
2025-08-14 03:54:49,425 - INFO - 游니 Processed telegram #4
2025-08-14 03:54:49,425 - INFO - Extracted wM-Bus frame (L=0x30): 30442D2C703749741F168D200D21540221D8D040EB204AC60348279FDE43FB7A7C6C07FD338522FCB737BA16BD0F8F739C
2025-08-14 03:54:49,425 - INFO - 游니 Processed telegram #5
2025-08-14 03:54:49,425 - INFO - Extracted wM-Bus frame (L=0x30): 30442D2C703749741F168D200D21540221D8D040EB204AC60348279FDE43FB7A7C6C07FD338522FCB737BA16BD0F8F739C
2025-08-14 03:54:49,426 - INFO - 游니 Processed telegram #6
2025-08-14 03:54:49,426 - WARNING - Heuristic failed to locate inner frame; passing through unmodified
2025-08-14 03:54:49,426 - INFO - 游니 Processed telegram #7
2025-08-14 03:54:49,426 - WARNING - Heuristic failed to locate inner frame; passing through unmodified
2025-08-14 03:54:49,426 - INFO - 游니 Processed telegram #8
2025-08-14 03:54:49,426 - INFO - Extracted wM-Bus frame (L=0x30): 30442D2C703749741F168D201542540221C4298F18CBF1244D5F7F9B5E72EF8095046AC99FF60CEEC0F483FF8F791E46F0
2025-08-14 03:54:49,426 - INFO - 游니 Processed telegram #9
2025-08-14 03:54:49,426 - INFO - Extracted wM-Bus frame (L=0x30): 30442D2C703749741F168D201542540221C4298F18CBF1244D5F7F9B5E72EF8095046AC99FF60CEEC0F483FF8F791E46F0
2025-08-14 03:54:49,426 - INFO - 游니 Processed telegram #10
2025-08-14 03:54:49,426 - WARNING - Heuristic failed to locate inner frame; passing through unmodified
2025-08-14 03:54:49,427 - INFO - 游니 Processed telegram #11
2025-08-14 03:54:49,427 - WARNING - Heuristic failed to locate inner frame; passing through unmodified
2025-08-14 03:54:49,427 - INFO - 游니 Processed telegram #12
2025-08-14 03:54:59,995 - INFO - Extracted wM-Bus frame (L=0x30): 30442D2C703749741F168D201D6254022104626E843E2D13EB23983B7263F237B9D0E80A35530A25B7F099D9D6691AF33F
2025-08-14 03:54:59,995 - INFO - 游니 Processed telegram #13
2025-08-14 03:54:59,995 - INFO - Extracted wM-Bus frame (L=0x30): 30442D2C703749741F168D201D6254022104626E843E2D13EB23983B7263F237B9D0E80A35530A25B7F099D9D6691AF33F
2025-08-14 03:54:59,995 - INFO - 游니 Processed telegram #14
2025-08-14 03:54:59,995 - WARNING - Heuristic failed to locate inner frame; passing through unmodified
2025-08-14 03:54:59,995 - INFO - 游니 Processed telegram #15
2025-08-14 03:54:59,995 - WARNING - Heuristic failed to locate inner frame; passing through unmodified
2025-08-14 03:54:59,995 - INFO - 游니 Processed telegram #16
2025-08-14 03:54:59,995 - INFO - Extracted wM-Bus frame (L=0x30): 30442D2C703749741F168D20259054022127E102F3A6CACE41C4DB60EE99E2ACADACE66A539F052FFE416C892C731CC6D0
2025-08-14 03:54:59,995 - INFO - 游니 Processed telegram #17
2025-08-14 03:54:59,995 - INFO - Extracted wM-Bus frame (L=0x30): 30442D2C703749741F168D20259054022127E102F3A6CACE41C4DB60EE99E2ACADACE66A539F052FFE416C892C731CC6D0
2025-08-14 03:54:59,995 - INFO - 游니 Processed telegram #18
2025-08-14 03:54:59,996 - WARNING - Heuristic failed to locate inner frame; passing through unmodified
2025-08-14 03:54:59,996 - INFO - 游니 Processed telegram #19
