2025-08-14 06:29:21,189 - INFO - 🔍 Starting Bluetooth scan (timeout: 10.0s)
2025-08-14 06:29:22,518 - INFO - 📡 Found target device by pattern 'VW.*': VW1871-250111
2025-08-14 06:29:22,519 - INFO - 📱 Target device discovered: VW1871-250111 (F0F41E39-111C-1E4B-018D-4363539FF186)
2025-08-14 06:29:22,519 - INFO - 📡 Found target device by pattern 'VW.*': VW1871-250111
2025-08-14 06:29:23,120 - INFO - 📡 Found target device by pattern 'VW.*': VW1871-250111
2025-08-14 06:29:23,427 - INFO - 📡 Found target device by pattern 'VW.*': VW1871-250111
2025-08-14 06:29:23,429 - INFO - 📡 Found target device by pattern 'VW.*': VW1871-250111
2025-08-14 06:29:23,736 - INFO - 📡 Found target device by pattern 'VW.*': VW1871-250111
2025-08-14 06:29:23,736 - INFO - 📡 Found target device by pattern 'VW.*': VW1871-250111
2025-08-14 06:29:24,037 - INFO - 📡 Found target device by pattern 'VW.*': VW1871-250111
2025-08-14 06:29:24,038 - INFO - 📡 Found target device by pattern 'VW.*': VW1871-250111
2025-08-14 06:29:24,338 - INFO - 📡 Found target device by pattern 'VW.*': VW1871-250111
2025-08-14 06:29:24,340 - INFO - 📡 Found target device by pattern 'VW.*': VW1871-250111
2025-08-14 06:29:24,637 - INFO - 📡 Found target device by pattern 'VW.*': VW1871-250111
2025-08-14 06:29:24,943 - INFO - 📡 Found target device by pattern 'VW.*': VW1871-250111
2025-08-14 06:29:24,943 - INFO - 📡 Found target device by pattern 'VW.*': VW1871-250111
2025-08-14 06:29:25,248 - INFO - 📡 Found target device by pattern 'VW.*': VW1871-250111
2025-08-14 06:29:25,249 - INFO - 📡 Found target device by pattern 'VW.*': VW1871-250111
2025-08-14 06:29:25,857 - INFO - 📡 Found target device by pattern 'VW.*': VW1871-250111
2025-08-14 06:29:26,162 - INFO - 📡 Found target device by pattern 'VW.*': VW1871-250111
2025-08-14 06:29:26,163 - INFO - 📡 Found target device by pattern 'VW.*': VW1871-250111
2025-08-14 06:29:26,771 - INFO - 📡 Found target device by pattern 'VW.*': VW1871-250111
2025-08-14 06:29:26,772 - INFO - 📡 Found target device by pattern 'VW.*': VW1871-250111
2025-08-14 06:29:26,773 - INFO - 📡 Found target device by pattern 'VW.*': VW1871-250111
2025-08-14 06:29:27,075 - INFO - 📡 Found target device by pattern 'VW.*': VW1871-250111
2025-08-14 06:29:27,075 - INFO - 📡 Found target device by pattern 'VW.*': VW1871-250111
2025-08-14 06:29:27,376 - INFO - 📡 Found target device by pattern 'VW.*': VW1871-250111
2025-08-14 06:29:27,377 - INFO - 📡 Found target device by pattern 'VW.*': VW1871-250111
2025-08-14 06:29:31,277 - INFO - ✅ Scan complete. Found 1 target devices
2025-08-14 06:29:31,278 - INFO - 🔗 Connecting to: VW1871-250111 (F0F41E39-111C-1E4B-018D-4363539FF186)
2025-08-14 06:29:31,808 - INFO - ✅ Connected to F0F41E39-111C-1E4B-018D-4363539FF186
2025-08-14 06:29:31,808 - INFO - 🔍 Discovering services for F0F41E39-111C-1E4B-018D-4363539FF186
2025-08-14 06:29:31,808 - INFO -   📋 Service: 0000ff00-0000-1000-8000-00805f9b34fb
2025-08-14 06:29:31,808 - INFO -     🔧 Characteristic: 0000ff02-0000-1000-8000-00805f9b34fb (Properties: ['write', 'write-without-response'])
2025-08-14 06:29:31,808 - INFO -     🔧 Characteristic: 0000ff01-0000-1000-8000-00805f9b34fb (Properties: ['notify'])
2025-08-14 06:29:31,808 - INFO - 📡 Setting up notifications for: 0000ff01-0000-1000-8000-00805f9b34fb
2025-08-14 06:29:31,847 - INFO - ✅ Notifications started for 0000ff01-0000-1000-8000-00805f9b34fb
2025-08-14 06:29:31,847 - INFO -     🔧 Characteristic: 0000ff03-0000-1000-8000-00805f9b34fb (Properties: ['notify'])
2025-08-14 06:29:31,848 - INFO - 📡 Setting up notifications for: 0000ff03-0000-1000-8000-00805f9b34fb
/Volumes/dev/space/wmblatest/wmbusmeters/bluetooth_wmbus_capture.py:159: DeprecationWarning: datetime.datetime.utcnow() is deprecated and scheduled for removal in a future version. Use timezone-aware objects to represent datetimes in UTC: datetime.datetime.now(datetime.UTC).
  ts = datetime.utcnow().isoformat()
2025-08-14 06:29:31,852 - INFO - 📊 Frame captured from VW1871-250111: 244 bytes
2025-08-14 06:29:31,852 - INFO -     Hex: FBFBFBF01101250864E9916261AF0125442D2C703749741F16...
2025-08-14 06:29:31,852 - INFO - 🎯 POTENTIAL wM-Bus TELEGRAM DETECTED!
2025-08-14 06:29:31,852 - INFO -     Full hex: FBFBFBF01101250864E9916261AF0125442D2C703749741F168D20CFE05F0221402585E761652FF37C36289951D8DB94B3AC4AEBDE82B8FEFE0E0FFBFBFBF01101250884E9916261AF0125442D2C703749741F168D20D1E25F02211B3F7984472F43D8A605E7FD388461CD554C6651ED6F3BFEFE0E0FFBFBFBF01101250894E9916261AF0125442D2C703749741F168D20D2E35F022163C7D2444FBB738B768523D12BFF00981D10521B914C46FEFE0E0FFBFBFBF011012508A4E9916261B00125442D2C703749741F168D20D3F05F02210C266210F03FCBB83C076B7B07576B3258D20E9E987437FEFE0E0FFBFBFBF011012508
✓ Bleak library available
🚀 Starting wM-Bus Bluetooth Capture
==================================================
🔧 wM-Bus Bluetooth Capture initialized
📱 Device patterns: 9 (user added: 0)
🔌 Service UUIDs: 4
🌉 Bridge mode enabled: ALL notifications hex emitted (--print-all)

📱 Found 1 target devices:
   - VW1871-250111 (F0F41E39-111C-1E4B-018D-4363539FF186)

🔗 Connecting to devices...
FBFBFBF01101250864E9916261AF0125442D2C703749741F168D20CFE05F0221402585E761652FF37C36289951D8DB94B3AC4AEBDE82B8FEFE0E0FFBFBFBF01101250884E9916261AF0125442D2C703749741F168D20D1E25F02211B3F7984472F43D8A605E7FD388461CD554C6651ED6F3BFEFE0E0FFBFBFBF01101250894E9916261AF0125442D2C703749741F168D20D2E35F022163C7D2444FBB738B768523D12BFF00981D10521B914C46FEFE0E0FFBFBFBF011012508A4E9916261B00125442D2C703749741F168D20D3F05F02210C266210F03FCBB83C076B7B07576B3258D20E9E987437FEFE0E0FFBFBFBF011012508
2025-08-14 06:29:31,883 - INFO - 📊 Frame captured from VW1871-250111: 244 bytes
2025-08-14 06:29:31,883 - INFO -     Hex: B4E9916261B00125442D2C703749741F168D20D4F15F022121...
2025-08-14 06:29:31,883 - INFO - 🎯 POTENTIAL wM-Bus TELEGRAM DETECTED!
2025-08-14 06:29:31,883 - INFO -     Full hex: B4E9916261B00125442D2C703749741F168D20D4F15F02212183FAAE127D762E227D3E635D98C67B28287B6EF4574AFEFE0E0FFBFBFBF011012508C4E9916261AF0130442D2C703749741F168D20D5F25F022192E2E08D553B1D062EAA43EE14D53A08802AD672C864FAB6E048144A8ECFCAE816BFFEFE0E0FFBFBFBF011012508D5E9916261AF0125442D2C703749741F168D20D6F35F0221DC5060A77052882A115691092D0A7941E65C5B4AA94EE1FEFE0E0FFBFBFBF011012508E5E9916261B00125442D2C703749741F168D20D70060022167B96583176D4E0B0350CE002E2DEBE7523D9F88AB7690FEFE0E0FFBFBFBF011
B4E9916261B00125442D2C703749741F168D20D4F15F02212183FAAE127D762E227D3E635D98C67B28287B6EF4574AFEFE0E0FFBFBFBF011012508C4E9916261AF0130442D2C703749741F168D20D5F25F022192E2E08D553B1D062EAA43EE14D53A08802AD672C864FAB6E048144A8ECFCAE816BFFEFE0E0FFBFBFBF011012508D5E9916261AF0125442D2C703749741F168D20D6F35F0221DC5060A77052882A115691092D0A7941E65C5B4AA94EE1FEFE0E0FFBFBFBF011012508E5E9916261B00125442D2C703749741F168D20D70060022167B96583176D4E0B0350CE002E2DEBE7523D9F88AB7690FEFE0E0FFBFBFBF011
2025-08-14 06:29:31,912 - INFO - 📊 Frame captured from VW1871-250111: 244 bytes
2025-08-14 06:29:31,912 - INFO -     Hex: 012508F5E9916261AF0125442D2C703749741F168D20D80160...
2025-08-14 06:29:31,912 - INFO - 🎯 POTENTIAL wM-Bus TELEGRAM DETECTED!
2025-08-14 06:29:31,912 - INFO -     Full hex: 012508F5E9916261AF0125442D2C703749741F168D20D80160022191D7438F699D425D3B4122A29E1600D540DB5298FD081BFEFE0E0FFBFBFBF01101250805EA916261AF0125442D2C703749741F168D20D910600221D599CC8FCBA848B189F1BE37D8D1C55FF8374A442F0474FEFE0E0FFBFBFBF01101250815EA916261AF0125442D2C703749741F168D20DA11600221DE85CD0A49C0CF7B1937A3FF0F2FA802DA2DD029582709FEFE0E0FFBFBFBF01101250826EA916261AF0125442D2C703749741F168D20DB12600221857BB03DBB1E8B701944AB5EF0EB6216F06DD6C5DEEE1EFEFE0E0FFBFBFBF01101250836EA916261
012508F5E9916261AF0125442D2C703749741F168D20D80160022191D7438F699D425D3B4122A29E1600D540DB5298FD081BFEFE0E0FFBFBFBF01101250805EA916261AF0125442D2C703749741F168D20D910600221D599CC8FCBA848B189F1BE37D8D1C55FF8374A442F0474FEFE0E0FFBFBFBF01101250815EA916261AF0125442D2C703749741F168D20DA11600221DE85CD0A49C0CF7B1937A3FF0F2FA802DA2DD029582709FEFE0E0FFBFBFBF01101250826EA916261AF0125442D2C703749741F168D20DB12600221857BB03DBB1E8B701944AB5EF0EB6216F06DD6C5DEEE1EFEFE0E0FFBFBFBF01101250836EA916261
2025-08-14 06:29:31,942 - INFO - 📊 Frame captured from VW1871-250111: 244 bytes
2025-08-14 06:29:31,942 - INFO -     Hex: AF0125442D2C703749741F168D20DC13600221D6B7039F8FA7...
2025-08-14 06:29:31,942 - INFO - 🎯 POTENTIAL wM-Bus TELEGRAM DETECTED!
2025-08-14 06:29:31,942 - INFO -     Full hex: AF0125442D2C703749741F168D20DC13600221D6B7039F8FA7422F0B0A0CE9F20D01262EEC0ECC31CD63FEFE0E0FFBFBFBF01101250846EA916261AF0130442D2C703749741F168D20DD20600221A82376440D381D9CC9E457FC1DAA26393A35262E1FFB8F703615860D5501AA52FED5FEFE0E0FFBFBFBF01101250856EA916261AF0125442D2C703749741F168D20DE21600221FE730E0C1502355E41E85C04A3A734BE50F7D0BA40066DFEFE0E0FFBFBFBF01101250866EA916261AF0125442D2C703749741F168D20DF226002215D65517D87F6AB84D641D5287A9BFD35DFED735EC463EAFEFE0E0FFBFBFBF01101250877EA
AF0125442D2C703749741F168D20DC13600221D6B7039F8FA7422F0B0A0CE9F20D01262EEC0ECC31CD63FEFE0E0FFBFBFBF01101250846EA916261AF0130442D2C703749741F168D20DD20600221A82376440D381D9CC9E457FC1DAA26393A35262E1FFB8F703615860D5501AA52FED5FEFE0E0FFBFBFBF01101250856EA916261AF0125442D2C703749741F168D20DE21600221FE730E0C1502355E41E85C04A3A734BE50F7D0BA40066DFEFE0E0FFBFBFBF01101250866EA916261AF0125442D2C703749741F168D20DF226002215D65517D87F6AB84D641D5287A9BFD35DFED735EC463EAFEFE0E0FFBFBFBF01101250877EA
2025-08-14 06:29:31,972 - INFO - 📊 Frame captured from VW1871-250111: 244 bytes
2025-08-14 06:29:31,972 - INFO -     Hex: 916261AF0125442D2C703749741F168D20E023600221742316...
2025-08-14 06:29:31,972 - INFO - 🎯 POTENTIAL wM-Bus TELEGRAM DETECTED!
2025-08-14 06:29:31,972 - INFO -     Full hex: 916261AF0125442D2C703749741F168D20E0236002217423168A20CB7F2BF07B1281E00E75ED464B367A72CFC4FEFE0E0FFBFBFBF01101250887EA916261AF0125442D2C703749741F168D20E1306002216F01787A74E00637AAD39BE78949F39F9A9A55CC20013AFEFE0E0FFBFBFBF01101250897EA916261AF0125442D2C703749741F168D20E231600221F3FF145FF6A3DB329660388372621C948DBA6EB9622247FEFE0E0FFBFBFBF011012508A7EA916261AF0125442D2C703749741F168D20E33260022115D5314B505CFDF5E5564CFE9500DF9054D316EBC347C0FEFE0E0FFBFBFBF011012508B8EA916261AE0125442D
916261AF0125442D2C703749741F168D20E0236002217423168A20CB7F2BF07B1281E00E75ED464B367A72CFC4FEFE0E0FFBFBFBF01101250887EA916261AF0125442D2C703749741F168D20E1306002216F01787A74E00637AAD39BE78949F39F9A9A55CC20013AFEFE0E0FFBFBFBF01101250897EA916261AF0125442D2C703749741F168D20E231600221F3FF145FF6A3DB329660388372621C948DBA6EB9622247FEFE0E0FFBFBFBF011012508A7EA916261AF0125442D2C703749741F168D20E33260022115D5314B505CFDF5E5564CFE9500DF9054D316EBC347C0FEFE0E0FFBFBFBF011012508B8EA916261AE0125442D
2025-08-14 06:29:31,973 - INFO - 📊 Frame captured from VW1871-250111: 244 bytes
2025-08-14 06:29:31,973 - INFO -     Hex: 2C703749741F168D20E433600221F8E51BA131E92848473CCB...
2025-08-14 06:29:31,973 - INFO - 🎯 POTENTIAL wM-Bus TELEGRAM DETECTED!
2025-08-14 06:29:31,973 - INFO -     Full hex: 2C703749741F168D20E433600221F8E51BA131E92848473CCB0252A92DCC625CA44FC69468FEFE0E0FFBFBFBF011012508C8EA916261AE0130442D2C703749741F168D20E540600221CDA95597DBA56069B2F193ACD9A6F3B86CE5E0F26F58AC090C9A1383AE60D4407126FEFE0E0FFBFBFBF011012508D8EA916261AF0125442D2C703749741F168D20E641600221CED64B3AE0EFE5CAABF95C4A65745086BCA71BB052CBA9FEFE0E0FFBFBFBF011012508E9EA916261AE0125442D2C703749741F168D20E742600221FF7140C8279F66335DC0819C47557F4E5AF531F229B5B2FEFE0E0FFBFBFBF011012508F9EA916261AE01
2C703749741F168D20E433600221F8E51BA131E92848473CCB0252A92DCC625CA44FC69468FEFE0E0FFBFBFBF011012508C8EA916261AE0130442D2C703749741F168D20E540600221CDA95597DBA56069B2F193ACD9A6F3B86CE5E0F26F58AC090C9A1383AE60D4407126FEFE0E0FFBFBFBF011012508D8EA916261AF0125442D2C703749741F168D20E641600221CED64B3AE0EFE5CAABF95C4A65745086BCA71BB052CBA9FEFE0E0FFBFBFBF011012508E9EA916261AE0125442D2C703749741F168D20E742600221FF7140C8279F66335DC0819C47557F4E5AF531F229B5B2FEFE0E0FFBFBFBF011012508F9EA916261AE01
2025-08-14 06:29:32,002 - INFO - 📊 Frame captured from VW1871-250111: 244 bytes
2025-08-14 06:29:32,002 - INFO -     Hex: 25442D2C703749741F168D20E8436002212FA24D8AD56F20E1...
2025-08-14 06:29:32,002 - INFO - 🎯 POTENTIAL wM-Bus TELEGRAM DETECTED!
2025-08-14 06:29:32,002 - INFO -     Full hex: 25442D2C703749741F168D20E8436002212FA24D8AD56F20E1B3A944CF4B9EC197EEFFD8E29E96CFFEFE0E0FFBFBFBF01101250809EB916261AE0125442D2C703749741F168D20E950600221997AE02545A63D0B96540A8CE1B6B6EE6C5549ECD219BEFEFE0E0FFBFBFBF0110125081AEB916261AF0125442D2C703749741F168D20EA516002212C46ADE5C9DE0A73DE5C34B9A56E9137F6472636EE029CFEFE0E0FFBFBFBF0110125082AEB916261AF0125442D2C703749741F168D20EB52600221ECC68B775258EBDB1EB8C943D861C7552D5C7D6390671BFEFE0E0FFBFBFBF0110125083AEB916261AE0125442D2C70374974
25442D2C703749741F168D20E8436002212FA24D8AD56F20E1B3A944CF4B9EC197EEFFD8E29E96CFFEFE0E0FFBFBFBF01101250809EB916261AE0125442D2C703749741F168D20E950600221997AE02545A63D0B96540A8CE1B6B6EE6C5549ECD219BEFEFE0E0FFBFBFBF0110125081AEB916261AF0125442D2C703749741F168D20EA516002212C46ADE5C9DE0A73DE5C34B9A56E9137F6472636EE029CFEFE0E0FFBFBFBF0110125082AEB916261AF0125442D2C703749741F168D20EB52600221ECC68B775258EBDB1EB8C943D861C7552D5C7D6390671BFEFE0E0FFBFBFBF0110125083AEB916261AE0125442D2C70374974
2025-08-14 06:29:32,003 - INFO - 📊 Frame captured from VW1871-250111: 244 bytes
2025-08-14 06:29:32,003 - INFO -     Hex: 1F168D20EC6060022185CE349F559321E77AFCE0F1AC696A5D...
2025-08-14 06:29:32,003 - INFO - 🎯 POTENTIAL wM-Bus TELEGRAM DETECTED!
2025-08-14 06:29:32,003 - INFO -     Full hex: 1F168D20EC6060022185CE349F559321E77AFCE0F1AC696A5D45298A21CFD0A9FEFE0E0FFBFBFBF0110125084BEB916261AE0130442D2C703749741F168D20ED6160022150B77DA6A6902584A5699AFF4A35AC9604657E9812DA8A2ACAA6B480EF8AABFAC5CBFEFE0E0FFBFBFBF0110125085BEB916261AE0125442D2C703749741F168D20EE62600221A1331488252F2E6230C1DFFAF0A630D223615ECE7194F4FEFE0E0FFBFBFBF0110125086BEB916261AE0125442D2C703749741F168D20EF63600221C435CAC4864960B02E934011A4C5EBA3D2AED8047CF173FEFE0E0FFBFBFBF0110125088CEB916261AF0125442D2C70
1F168D20EC6060022185CE349F559321E77AFCE0F1AC696A5D45298A21CFD0A9FEFE0E0FFBFBFBF0110125084BEB916261AE0130442D2C703749741F168D20ED6160022150B77DA6A6902584A5699AFF4A35AC9604657E9812DA8A2ACAA6B480EF8AABFAC5CBFEFE0E0FFBFBFBF0110125085BEB916261AE0125442D2C703749741F168D20EE62600221A1331488252F2E6230C1DFFAF0A630D223615ECE7194F4FEFE0E0FFBFBFBF0110125086BEB916261AE0125442D2C703749741F168D20EF63600221C435CAC4864960B02E934011A4C5EBA3D2AED8047CF173FEFE0E0FFBFBFBF0110125088CEB916261AF0125442D2C70
2025-08-14 06:29:32,031 - INFO - 📊 Frame captured from VW1871-250111: 96 bytes
2025-08-14 06:29:32,032 - INFO -     Hex: 3749741F168D20F1716002214FE7056F26BFB444F91E33620A...
2025-08-14 06:29:32,032 - INFO - 🎯 POTENTIAL wM-Bus TELEGRAM DETECTED!
2025-08-14 06:29:32,032 - INFO -     Full hex: 3749741F168D20F1716002214FE7056F26BFB444F91E33620A2B893E1F59386E4C6329FEFE0E0FFBFBFBF0110125089CEB916261AE0125442D2C703749741F168D20F272600221CA33077EF69CEEF7E99086FEA3E2064C88BE4C048ED49BFEFE
3749741F168D20F1716002214FE7056F26BFB444F91E33620A2B893E1F59386E4C6329FEFE0E0FFBFBFBF0110125089CEB916261AE0125442D2C703749741F168D20F272600221CA33077EF69CEEF7E99086FEA3E2064C88BE4C048ED49BFEFE
2025-08-14 06:29:32,032 - INFO - 📊 Frame captured from VW1871-250111: 2 bytes
2025-08-14 06:29:32,032 - INFO -     Hex: 0107
0107
2025-08-14 06:29:32,032 - INFO - ✅ Notifications started for 0000ff03-0000-1000-8000-00805f9b34fb
2025-08-14 06:29:32,032 - INFO -   📋 Service: 0000ff10-0000-1000-8000-00805f9b34fb
2025-08-14 06:29:32,032 - INFO -     🔧 Characteristic: 0000ff11-0000-1000-8000-00805f9b34fb (Properties: ['notify', 'write-without-response'])
2025-08-14 06:29:32,032 - INFO - 📡 Setting up notifications for: 0000ff11-0000-1000-8000-00805f9b34fb
2025-08-14 06:29:32,032 - INFO - 📊 Frame captured from VW1871-250111: 3 bytes
2025-08-14 06:29:32,032 - INFO -     Hex: 02F400
02F400
2025-08-14 06:29:32,088 - INFO - ✅ Notifications started for 0000ff11-0000-1000-8000-00805f9b34fb
2025-08-14 06:29:32,088 - INFO -     🔧 Characteristic: 0000ff12-0000-1000-8000-00805f9b34fb (Properties: ['notify', 'write-without-response'])
2025-08-14 06:29:32,088 - INFO - 📡 Setting up notifications for: 0000ff12-0000-1000-8000-00805f9b34fb
2025-08-14 06:29:32,149 - INFO - ✅ Notifications started for 0000ff12-0000-1000-8000-00805f9b34fb
2025-08-14 06:29:32,149 - INFO -   📋 Service: 000018f0-0000-1000-8000-00805f9b34fb
2025-08-14 06:29:32,149 - INFO -     🔧 Characteristic: 00002af1-0000-1000-8000-00805f9b34fb (Properties: ['write', 'write-without-response'])
2025-08-14 06:29:32,149 - INFO -     🔧 Characteristic: 00002af0-0000-1000-8000-00805f9b34fb (Properties: ['notify'])
2025-08-14 06:29:32,149 - INFO - 📡 Setting up notifications for: 00002af0-0000-1000-8000-00805f9b34fb
2025-08-14 06:29:32,209 - INFO - ✅ Notifications started for 00002af0-0000-1000-8000-00805f9b34fb
2025-08-14 06:29:32,209 - INFO -   📋 Service: 0000fee7-0000-1000-8000-00805f9b34fb
2025-08-14 06:29:32,209 - INFO -     🔧 Characteristic: 0000fec7-0000-1000-8000-00805f9b34fb (Properties: ['write'])
2025-08-14 06:29:32,209 - INFO -     🔧 Characteristic: 0000fec8-0000-1000-8000-00805f9b34fb (Properties: ['indicate'])
2025-08-14 06:29:32,209 - INFO - 📡 Setting up notifications for: 0000fec8-0000-1000-8000-00805f9b34fb
2025-08-14 06:29:32,268 - INFO - ✅ Notifications started for 0000fec8-0000-1000-8000-00805f9b34fb
2025-08-14 06:29:32,269 - INFO -     🔧 Characteristic: 0000fec9-0000-1000-8000-00805f9b34fb (Properties: ['read'])
2025-08-14 06:29:32,269 - INFO -   📋 Service: 0000ff80-0000-1000-8000-00805f9b34fb
2025-08-14 06:29:32,269 - INFO -     🔧 Characteristic: 0000ff82-0000-1000-8000-00805f9b34fb (Properties: ['write', 'write-without-response'])
2025-08-14 06:29:32,269 - INFO -     🔧 Characteristic: 0000ff81-0000-1000-8000-00805f9b34fb (Properties: ['notify'])
2025-08-14 06:29:32,269 - INFO - 📡 Setting up notifications for: 0000ff81-0000-1000-8000-00805f9b34fb
2025-08-14 06:29:32,270 - INFO - 📊 Frame captured from VW1871-250111: 26 bytes
2025-08-14 06:29:32,270 - INFO -     Hex: FE01001A271100010A0018848004200128023A06606E41E318...
FE01001A271100010A0018848004200128023A06606E41E3185F
2025-08-14 06:29:32,330 - INFO - ✅ Notifications started for 0000ff81-0000-1000-8000-00805f9b34fb
2025-08-14 06:29:32,331 - INFO -   📋 Service: 0000fff0-0000-1000-8000-00805f9b34fb
2025-08-14 06:29:32,331 - INFO -     🔧 Characteristic: 0000fff2-0000-1000-8000-00805f9b34fb (Properties: ['write', 'write-without-response'])
2025-08-14 06:29:32,331 - INFO -     🔧 Characteristic: 0000fff1-0000-1000-8000-00805f9b34fb (Properties: ['indicate'])
2025-08-14 06:29:32,331 - INFO - 📡 Setting up notifications for: 0000fff1-0000-1000-8000-00805f9b34fb
2025-08-14 06:29:32,388 - INFO - ✅ Notifications started for 0000fff1-0000-1000-8000-00805f9b34fb
2025-08-14 06:29:32,389 - INFO -   📋 Service: 49535343-fe7d-4ae5-8fa9-9fafd205e455
2025-08-14 06:29:32,389 - INFO -     🔧 Characteristic: 49535343-6daa-4d02-abf6-19569aca69fe (Properties: ['write', 'read', 'write-without-response'])
2025-08-14 06:29:32,389 - INFO -     🔧 Characteristic: 49535343-8841-43f4-a8d4-ecbe34729bb3 (Properties: ['write', 'write-without-response'])
2025-08-14 06:29:32,389 - INFO -     🔧 Characteristic: 49535343-1e4d-4bd9-ba61-23c647249616 (Properties: ['notify'])
2025-08-14 06:29:32,389 - INFO - 📡 Setting up notifications for: 49535343-1e4d-4bd9-ba61-23c647249616
2025-08-14 06:29:32,447 - INFO - ✅ Notifications started for 49535343-1e4d-4bd9-ba61-23c647249616
2025-08-14 06:29:32,448 - INFO -     🔧 Characteristic: 49535343-aca3-481c-91ec-d85e28a60318 (Properties: ['write', 'notify'])
2025-08-14 06:29:32,448 - INFO - 📡 Setting up notifications for: 49535343-aca3-481c-91ec-d85e28a60318
2025-08-14 06:29:32,507 - INFO - ✅ Notifications started for 49535343-aca3-481c-91ec-d85e28a60318
2025-08-14 06:29:32,507 - INFO - ⏱️  Starting monitoring (infinite duration)
2025-08-14 06:29:32,507 - INFO - 📡 Listening for wM-Bus telegrams...
2025-08-14 06:29:41,915 - INFO - 📊 Frame captured from VW1871-250111: 59 bytes
2025-08-14 06:29:41,915 - INFO -     Hex: FBFBFBF01101250820EC916261B00125442D2C703749741F16...
2025-08-14 06:29:41,915 - INFO - 🎯 POTENTIAL wM-Bus TELEGRAM DETECTED!
2025-08-14 06:29:41,915 - INFO -     Full hex: FBFBFBF01101250820EC916261B00125442D2C703749741F168D20FAA0600221274D02133A410EC22EEBA44BAB7B4E7D1C377D358A6FEAFEFE0E0F
✅ Connected to 1 devices

📡 Monitoring for wM-Bus telegrams...
⏱️  Monitoring indefinitely (Ctrl+C to stop)
FBFBFBF01101250820EC916261B00125442D2C703749741F168D20FAA0600221274D02133A410EC22EEBA44BAB7B4E7D1C377D358A6FEAFEFE0E0F
2025-08-14 06:29:58,369 - INFO - 📊 Frame captured from VW1871-250111: 59 bytes
2025-08-14 06:29:58,369 - INFO -     Hex: FBFBFBF01101250830EC916261B10125442D2C703749741F16...
2025-08-14 06:29:58,369 - INFO - 🎯 POTENTIAL wM-Bus TELEGRAM DETECTED!
2025-08-14 06:29:58,369 - INFO -     Full hex: FBFBFBF01101250830EC916261B10125442D2C703749741F168D20FBA16002219E55D08330B3A5DD3DC03C90CD7B89491417ACD197D858FEFE0E0F
FBFBFBF01101250830EC916261B10125442D2C703749741F168D20FBA16002219E55D08330B3A5DD3DC03C90CD7B89491417ACD197D858FEFE0E0F
2025-08-14 06:30:02,542 - INFO - 📊 Status: 14 frames captured, 1 devices connected; elapsed=30s
2025-08-14 06:30:14,824 - INFO - 📊 Frame captured from VW1871-250111: 59 bytes
2025-08-14 06:30:14,824 - INFO -     Hex: FBFBFBF01101250841EC916261B00125442D2C703749741F16...
2025-08-14 06:30:14,824 - INFO - 🎯 POTENTIAL wM-Bus TELEGRAM DETECTED!
2025-08-14 06:30:14,824 - INFO -     Full hex: FBFBFBF01101250841EC916261B00125442D2C703749741F168D20FCA26002216D53F99FC6900C147B4623E306E9384CFCC4D800FC2BB7FEFE0E0F
FBFBFBF01101250841EC916261B00125442D2C703749741F168D20FCA26002216D53F99FC6900C147B4623E306E9384CFCC4D800FC2BB7FEFE0E0F
2025-08-14 06:30:31,293 - INFO - 📊 Frame captured from VW1871-250111: 70 bytes
2025-08-14 06:30:31,294 - INFO -     Hex: FBFBFBF01101250851EC916261B00130442D2C703749741F16...
2025-08-14 06:30:31,294 - INFO - 🎯 POTENTIAL wM-Bus TELEGRAM DETECTED!
2025-08-14 06:30:31,294 - INFO -     Full hex: FBFBFBF01101250851EC916261B00130442D2C703749741F168D20FDA3600221BB523FE4559A09F7A502B2ED7CC23EFE4E41ACD72BD4806D2983A0CE2BA8280C292BFEFE0E0F
FBFBFBF01101250851EC916261B00130442D2C703749741F168D20FDA3600221BB523FE4559A09F7A502B2ED7CC23EFE4E41ACD72BD4806D2983A0CE2BA8280C292BFEFE0E0F
2025-08-14 06:30:32,577 - INFO - 📊 Status: 16 frames captured, 1 devices connected; elapsed=60s
2025-08-14 06:30:47,780 - INFO - 📊 Frame captured from VW1871-250111: 59 bytes
2025-08-14 06:30:47,780 - INFO -     Hex: FBFBFBF01101250862EC916261B00125442D2C703749741F16...
2025-08-14 06:30:47,780 - INFO - 🎯 POTENTIAL wM-Bus TELEGRAM DETECTED!
2025-08-14 06:30:47,780 - INFO -     Full hex: FBFBFBF01101250862EC916261B00125442D2C703749741F168D20FEB0600221EE0E13E7210E818C21C551940C685C7E1134183A3EC1DDFEFE0E0F
FBFBFBF01101250862EC916261B00125442D2C703749741F168D20FEB0600221EE0E13E7210E818C21C551940C685C7E1134183A3EC1DDFEFE0E0F
2025-08-14 06:31:02,614 - INFO - 📊 Status: 17 frames captured, 1 devices connected; elapsed=90s
2025-08-14 06:31:04,249 - INFO - 📊 Frame captured from VW1871-250111: 59 bytes
2025-08-14 06:31:04,249 - INFO -     Hex: FBFBFBF01101250872EC916261B00125442D2C703749741F16...
2025-08-14 06:31:04,249 - INFO - 🎯 POTENTIAL wM-Bus TELEGRAM DETECTED!
2025-08-14 06:31:04,249 - INFO -     Full hex: FBFBFBF01101250872EC916261B00125442D2C703749741F168D20FFB1600221BC7A52197B0043AC5AE69BF0FD279FD2C43253490AE2A0FEFE0E0F
FBFBFBF01101250872EC916261B00125442D2C703749741F168D20FFB1600221BC7A52197B0043AC5AE69BF0FD279FD2C43253490AE2A0FEFE0E0F
2025-08-14 06:31:20,750 - INFO - 📊 Frame captured from VW1871-250111: 59 bytes
2025-08-14 06:31:20,750 - INFO -     Hex: FBFBFBF01101250883EC916261B10125442D2C703749741F16...
2025-08-14 06:31:20,750 - INFO - 🎯 POTENTIAL wM-Bus TELEGRAM DETECTED!
2025-08-14 06:31:20,750 - INFO -     Full hex: FBFBFBF01101250883EC916261B10125442D2C703749741F168D2000B2600221B74DEA2B7698FB2900C4DF51171FA62F8D2E8A3CF937C2FEFE0E0F
FBFBFBF01101250883EC916261B10125442D2C703749741F168D2000B2600221B74DEA2B7698FB2900C4DF51171FA62F8D2E8A3CF937C2FEFE0E0F
2025-08-14 06:31:32,649 - INFO - 📊 Status: 19 frames captured, 1 devices connected; elapsed=120s
2025-08-14 06:31:37,250 - INFO - 📊 Frame captured from VW1871-250111: 59 bytes
2025-08-14 06:31:37,250 - INFO -     Hex: FBFBFBF01101250893EC916261B00125442D2C703749741F16...
2025-08-14 06:31:37,250 - INFO - 🎯 POTENTIAL wM-Bus TELEGRAM DETECTED!
2025-08-14 06:31:37,251 - INFO -     Full hex: FBFBFBF01101250893EC916261B00125442D2C703749741F168D2001B360022197F21B07EBAF942D08960897346374725E9C2A3DCF8070FEFE0E0F
FBFBFBF01101250893EC916261B00125442D2C703749741F168D2001B360022197F21B07EBAF942D08960897346374725E9C2A3DCF8070FEFE0E0F
2025-08-14 06:31:53,750 - INFO - 📊 Frame captured from VW1871-250111: 59 bytes
2025-08-14 06:31:53,750 - INFO -     Hex: FBFBFBF011012508A4EC916261B00125442D2C703749741F16...
2025-08-14 06:31:53,751 - INFO - 🎯 POTENTIAL wM-Bus TELEGRAM DETECTED!
2025-08-14 06:31:53,751 - INFO -     Full hex: FBFBFBF011012508A4EC916261B00125442D2C703749741F168D2002C06002218A28ECEA1CB17F7FECE848112A59F7369A6E43894D0EE1FEFE0E0F
FBFBFBF011012508A4EC916261B00125442D2C703749741F168D2002C06002218A28ECEA1CB17F7FECE848112A59F7369A6E43894D0EE1FEFE0E0F
2025-08-14 06:32:02,684 - INFO - 📊 Status: 21 frames captured, 1 devices connected; elapsed=150s
2025-08-14 06:32:10,219 - INFO - 📊 Frame captured from VW1871-250111: 59 bytes
2025-08-14 06:32:10,219 - INFO -     Hex: FBFBFBF011012508B4EC916261B00125442D2C703749741F16...
2025-08-14 06:32:10,219 - INFO - 🎯 POTENTIAL wM-Bus TELEGRAM DETECTED!
2025-08-14 06:32:10,219 - INFO -     Full hex: FBFBFBF011012508B4EC916261B00125442D2C703749741F168D2003C16002210A8C741DA978B59754880A414A72BD3D5EE2C709992D9CFEFE0E0F
FBFBFBF011012508B4EC916261B00125442D2C703749741F168D2003C16002210A8C741DA978B59754880A414A72BD3D5EE2C709992D9CFEFE0E0F
2025-08-14 06:32:26,705 - INFO - 📊 Frame captured from VW1871-250111: 59 bytes
2025-08-14 06:32:26,705 - INFO -     Hex: FBFBFBF011012508C5EC916261B10125442D2C703749741F16...
2025-08-14 06:32:26,705 - INFO - 🎯 POTENTIAL wM-Bus TELEGRAM DETECTED!
2025-08-14 06:32:26,705 - INFO -     Full hex: FBFBFBF011012508C5EC916261B10125442D2C703749741F168D2004C260022172559FD99106CC726A3587A7013EC5023EF6570F68DE73FEFE0E0F
FBFBFBF011012508C5EC916261B10125442D2C703749741F168D2004C260022172559FD99106CC726A3587A7013EC5023EF6570F68DE73FEFE0E0F
2025-08-14 06:32:32,723 - INFO - 📊 Status: 23 frames captured, 1 devices connected; elapsed=180s
2025-08-14 06:32:43,175 - INFO - 📊 Frame captured from VW1871-250111: 70 bytes
2025-08-14 06:32:43,175 - INFO -     Hex: FBFBFBF011012508D5EC916261B00130442D2C703749741F16...
2025-08-14 06:32:43,176 - INFO - 🎯 POTENTIAL wM-Bus TELEGRAM DETECTED!
2025-08-14 06:32:43,176 - INFO -     Full hex: FBFBFBF011012508D5EC916261B00130442D2C703749741F168D2005C360022169CE9BF47EB0D5C2DBA062CA3F62150DF2EE5C7CC7A4E53B2A9D46A06FFF83092D0BFEFE0E0F
FBFBFBF011012508D5EC916261B00130442D2C703749741F168D2005C360022169CE9BF47EB0D5C2DBA062CA3F62150DF2EE5C7CC7A4E53B2A9D46A06FFF83092D0BFEFE0E0F
2025-08-14 06:32:59,629 - INFO - 📊 Frame captured from VW1871-250111: 59 bytes
2025-08-14 06:32:59,629 - INFO -     Hex: FBFBFBF011012508E5EC916261B00125442D2C703749741F16...
2025-08-14 06:32:59,629 - INFO - 🎯 POTENTIAL wM-Bus TELEGRAM DETECTED!
2025-08-14 06:32:59,629 - INFO -     Full hex: FBFBFBF011012508E5EC916261B00125442D2C703749741F168D2006D0600221C38C6CB0DF99FD4FE8E3146C538A824D2C1B52EDE60C46FEFE0E0F
FBFBFBF011012508E5EC916261B00125442D2C703749741F168D2006D0600221C38C6CB0DF99FD4FE8E3146C538A824D2C1B52EDE60C46FEFE0E0F
2025-08-14 06:33:02,758 - INFO - 📊 Status: 25 frames captured, 1 devices connected; elapsed=210s
2025-08-14 06:33:16,085 - INFO - 📊 Frame captured from VW1871-250111: 59 bytes
2025-08-14 06:33:16,085 - INFO -     Hex: FBFBFBF011012508F6EC916261B00125442D2C703749741F16...
2025-08-14 06:33:16,085 - INFO - 🎯 POTENTIAL wM-Bus TELEGRAM DETECTED!
2025-08-14 06:33:16,085 - INFO -     Full hex: FBFBFBF011012508F6EC916261B00125442D2C703749741F168D2007D1600221FC1C576C9F8D89360E64E370DD6A761B29E206767183ABFEFE0E0F
FBFBFBF011012508F6EC916261B00125442D2C703749741F168D2007D1600221FC1C576C9F8D89360E64E370DD6A761B29E206767183ABFEFE0E0F
2025-08-14 06:33:32,524 - INFO - 📊 Frame captured from VW1871-250111: 59 bytes
2025-08-14 06:33:32,525 - INFO -     Hex: FBFBFBF01101250806ED916261B00125442D2C703749741F16...
2025-08-14 06:33:32,525 - INFO - 🎯 POTENTIAL wM-Bus TELEGRAM DETECTED!
2025-08-14 06:33:32,525 - INFO -     Full hex: FBFBFBF01101250806ED916261B00125442D2C703749741F168D2008D260022165F95522077199A5CC5EB1062014FB752AABAADD860CDAFEFE0E0F
FBFBFBF01101250806ED916261B00125442D2C703749741F168D2008D260022165F95522077199A5CC5EB1062014FB752AABAADD860CDAFEFE0E0F
2025-08-14 06:33:32,795 - INFO - 📊 Status: 27 frames captured, 1 devices connected; elapsed=240s
2025-08-14 06:33:48,965 - INFO - 📊 Frame captured from VW1871-250111: 59 bytes
2025-08-14 06:33:48,966 - INFO -     Hex: FBFBFBF01101250817ED916261B00125442D2C703749741F16...
2025-08-14 06:33:48,966 - INFO - 🎯 POTENTIAL wM-Bus TELEGRAM DETECTED!
2025-08-14 06:33:48,966 - INFO -     Full hex: FBFBFBF01101250817ED916261B00125442D2C703749741F168D2009D360022179AC4F89591C4CEAA63E2E822D1396AF351D61039EA0F4FEFE0E0F
FBFBFBF01101250817ED916261B00125442D2C703749741F168D2009D360022179AC4F89591C4CEAA63E2E822D1396AF351D61039EA0F4FEFE0E0F
2025-08-14 06:34:02,832 - INFO - 📊 Status: 28 frames captured, 1 devices connected; elapsed=270s
2025-08-14 06:34:05,389 - INFO - 📊 Frame captured from VW1871-250111: 59 bytes
2025-08-14 06:34:05,390 - INFO -     Hex: FBFBFBF01101250827ED916261B00125442D2C703749741F16...
2025-08-14 06:34:05,390 - INFO - 🎯 POTENTIAL wM-Bus TELEGRAM DETECTED!
2025-08-14 06:34:05,390 - INFO -     Full hex: FBFBFBF01101250827ED916261B00125442D2C703749741F168D200AE0600221BDCB64D723AA173271B6CF738BFFF1BB8D57F67436C573FEFE0E0F
FBFBFBF01101250827ED916261B00125442D2C703749741F168D200AE0600221BDCB64D723AA173271B6CF738BFFF1BB8D57F67436C573FEFE0E0F
